2026-05-18 15:12:03 INFO  traceId= com.alipay.usercenter.web.controller.Main - Starting Main using Java 25.0.2 with PID 26394 (/Users/adam/IdeaProjects/iuser/app/web/target/classes started by adam in /Users/adam/IdeaProjects/iuser)
2026-05-18 15:12:03 INFO  traceId= com.alipay.usercenter.web.controller.Main - No active profile set, falling back to 1 default profile: "default"
2026-05-18 15:12:04 INFO  traceId= org.springframework.data.repository.config.RepositoryConfigurationDelegate - Multiple Spring Data modules found, entering strict repository configuration mode
2026-05-18 15:12:04 INFO  traceId= org.springframework.data.repository.config.RepositoryConfigurationDelegate - Bootstrapping Spring Data JPA repositories in DEFAULT mode.
2026-05-18 15:12:04 INFO  traceId= org.springframework.data.repository.config.RepositoryConfigurationDelegate - Finished Spring Data repository scanning in 3 ms. Found 0 JPA repository interfaces.
2026-05-18 15:12:04 INFO  traceId= org.springframework.data.repository.config.RepositoryConfigurationDelegate - Multiple Spring Data modules found, entering strict repository configuration mode
2026-05-18 15:12:04 INFO  traceId= org.springframework.data.repository.config.RepositoryConfigurationDelegate - Bootstrapping Spring Data Redis repositories in DEFAULT mode.
2026-05-18 15:12:04 INFO  traceId= org.springframework.data.repository.config.RepositoryConfigurationDelegate - Finished Spring Data repository scanning in 0 ms. Found 0 Redis repository interfaces.
2026-05-18 15:12:04 WARN  traceId= org.springframework.context.support.PostProcessorRegistrationDelegate$BeanPostProcessorChecker - Bean 'asyncInitMethodManager' of type [com.alipay.sofa.runtime.async.AsyncInitMethodManager] is not eligible for getting processed by all BeanPostProcessors (for example: not eligible for auto-proxying). Is this bean getting eagerly injected/applied to a currently created BeanPostProcessor [asyncProxyBeanPostProcessor]? Check the corresponding BeanPostProcessor declaration and its dependencies/advisors. If this bean does not have to be post-processed, declare it with ROLE_INFRASTRUCTURE.
2026-05-18 15:12:04 INFO  traceId= org.springframework.boot.web.embedded.tomcat.TomcatWebServer - Tomcat initialized with port 8085 (http)
2026-05-18 15:12:04 INFO  traceId= org.apache.coyote.http11.Http11NioProtocol - Initializing ProtocolHandler ["http-nio-0.0.0.0-8085"]
2026-05-18 15:12:04 INFO  traceId= org.apache.catalina.core.StandardService - Starting service [Tomcat]
2026-05-18 15:12:04 INFO  traceId= org.apache.catalina.core.StandardEngine - Starting Servlet engine: [Apache Tomcat/10.1.46]
2026-05-18 15:12:04 INFO  traceId= org.apache.catalina.core.ContainerBase.[Tomcat].[localhost].[/] - Initializing Spring embedded WebApplicationContext
2026-05-18 15:12:04 INFO  traceId= org.springframework.boot.web.servlet.context.ServletWebServerApplicationContext - Root WebApplicationContext: initialization completed in 1032 ms
2026-05-18 15:12:04 INFO  traceId= org.hibernate.jpa.internal.util.LogHelper - HHH000204: Processing PersistenceUnitInfo [name: default]
2026-05-18 15:12:05 INFO  traceId= org.hibernate.Version - HHH000412: Hibernate ORM core version 6.6.29.Final
2026-05-18 15:12:05 INFO  traceId= org.hibernate.cache.internal.RegionFactoryInitiator - HHH000026: Second-level cache disabled
2026-05-18 15:12:05 INFO  traceId= org.springframework.orm.jpa.persistenceunit.SpringPersistenceUnitInfo - No LoadTimeWeaver setup: ignoring JPA class transformer
2026-05-18 15:12:05 INFO  traceId= com.zaxxer.hikari.HikariDataSource - HikariPool-1 - Starting...
2026-05-18 15:12:05 INFO  traceId= com.zaxxer.hikari.pool.HikariPool - HikariPool-1 - Added connection org.postgresql.jdbc.PgConnection@3696d12d
2026-05-18 15:12:05 INFO  traceId= com.zaxxer.hikari.HikariDataSource - HikariPool-1 - Start completed.
2026-05-18 15:12:05 WARN  traceId= org.hibernate.orm.deprecation - HHH90000025: PostgreSQLDialect does not need to be specified explicitly using 'hibernate.dialect' (remove the property setting and it will be selected by default)
2026-05-18 15:12:06 INFO  traceId= org.hibernate.orm.connections.pooling - HHH10001005: Database info:
	Database JDBC URL [Connecting through datasource 'HikariDataSource (HikariPool-1)']
	Database driver: undefined/unknown
	Database version: 18.2
	Autocommit mode: undefined/unknown
	Isolation level: undefined/unknown
	Minimum pool size: undefined/unknown
	Maximum pool size: undefined/unknown
2026-05-18 15:12:06 INFO  traceId= org.hibernate.engine.transaction.jta.platform.internal.JtaPlatformInitiator - HHH000489: No JTA platform available (set 'hibernate.transaction.jta.platform' to enable JTA platform integration)
2026-05-18 15:12:06 INFO  traceId= org.springframework.orm.jpa.LocalContainerEntityManagerFactoryBean - Initialized JPA EntityManagerFactory for persistence unit 'default'
2026-05-18 15:12:07 WARN  traceId= org.springframework.boot.autoconfigure.orm.jpa.JpaBaseConfiguration$JpaWebConfiguration - spring.jpa.open-in-view is enabled by default. Therefore, database queries may be performed during view rendering. Explicitly configure spring.jpa.open-in-view to disable this warning
2026-05-18 15:12:07 INFO  traceId= com.alipay.usercenter.web.aspect.LoggingAspect - Entering: .addCorsMappings(..)
2026-05-18 15:12:07 INFO  traceId= com.alipay.usercenter.web.aspect.LoggingAspect - Exiting: .addCorsMappings(..) (0ms)
2026-05-18 15:12:08 INFO  traceId= org.springframework.boot.actuate.endpoint.web.EndpointLinksResolver - Exposing 3 endpoints beneath base path '/actuator'
2026-05-18 15:12:08 INFO  traceId= org.springframework.security.config.annotation.authentication.configuration.InitializeUserDetailsBeanManagerConfigurer$InitializeUserDetailsManagerConfigurer - Global AuthenticationManager configured with UserDetailsService bean with name inMemoryUserDetailsManager
2026-05-18 15:12:08 INFO  traceId= org.apache.coyote.http11.Http11NioProtocol - Starting ProtocolHandler ["http-nio-0.0.0.0-8085"]
2026-05-18 15:12:08 INFO  traceId= org.springframework.boot.web.embedded.tomcat.TomcatWebServer - Tomcat started on port 8085 (http) with context path '/'
2026-05-18 15:12:08 INFO  traceId= com.alipay.usercenter.web.controller.Main - Started Main in 9.891 seconds (process running for 10.401)
2026-05-18 15:12:33 INFO  traceId= org.apache.catalina.core.ContainerBase.[Tomcat].[localhost].[/] - Initializing Spring DispatcherServlet 'dispatcherServlet'
2026-05-18 15:12:33 INFO  traceId= org.springframework.web.servlet.DispatcherServlet - Initializing Servlet 'dispatcherServlet'
2026-05-18 15:12:33 INFO  traceId= org.springframework.web.servlet.DispatcherServlet - Completed initialization in 2 ms
2026-05-18 15:12:33 INFO  traceId=5ca0e1d4-c505-4913-be1d-43781af3cef2 com.alipay.usercenter.web.controller.TraceIdFilter - Starting request: POST /user/basic/login.json
2026-05-18 15:12:33 INFO  traceId=5ca0e1d4-c505-4913-be1d-43781af3cef2 com.alipay.usercenter.web.aspect.LoggingAspect - Entering: JwtUtil.extractToken(..)
2026-05-18 15:12:33 INFO  traceId=5ca0e1d4-c505-4913-be1d-43781af3cef2 com.alipay.usercenter.web.aspect.LoggingAspect - Exiting: JwtUtil.extractToken(..) (0ms)
2026-05-18 15:12:33 INFO  traceId=5ca0e1d4-c505-4913-be1d-43781af3cef2 com.alipay.usercenter.web.aspect.LoggingAspect - Entering: UserBasicController.login(..)
2026-05-18 15:12:33 INFO  traceId=5ca0e1d4-c505-4913-be1d-43781af3cef2 com.alipay.usercenter.web.aspect.LoggingAspect - Entering: UserServiceImpl.login(..)
2026-05-18 15:12:33 INFO  traceId=5ca0e1d4-c505-4913-be1d-43781af3cef2 com.alipay.usercenter.web.aspect.LoggingAspect - Entering: UserServiceTemplate.execute(..)
2026-05-18 15:12:33 INFO  traceId=5ca0e1d4-c505-4913-be1d-43781af3cef2 USER-BIZ-SERVICE - service request[[com.alipay.usercenter.common.service.facade.request.LoginRequest@773a1980]
2026-05-18 15:12:33 INFO  traceId=5ca0e1d4-c505-4913-be1d-43781af3cef2 com.alipay.usercenter.web.aspect.LoggingAspect - Entering: UserInfoRepositoryImpl.queryUserInfo(..)
2026-05-18 15:12:33 INFO  traceId=5ca0e1d4-c505-4913-be1d-43781af3cef2 com.alipay.usercenter.web.aspect.LoggingAspect - Exiting: UserInfoRepositoryImpl.queryUserInfo(..) (45ms)
2026-05-18 15:12:33 INFO  traceId=5ca0e1d4-c505-4913-be1d-43781af3cef2 com.alipay.usercenter.web.aspect.LoggingAspect - Entering: UserSecurityCacheImpl.queryUserSecurity(..)
2026-05-18 15:12:33 INFO  traceId=5ca0e1d4-c505-4913-be1d-43781af3cef2 com.alipay.usercenter.web.aspect.LoggingAspect - Exiting: UserSecurityCacheImpl.queryUserSecurity(..) (194ms)
2026-05-18 15:12:34 INFO  traceId=5ca0e1d4-c505-4913-be1d-43781af3cef2 com.alipay.usercenter.web.aspect.LoggingAspect - Entering: UserSecurityCacheImpl.update(..)
2026-05-18 15:12:34 INFO  traceId=5ca0e1d4-c505-4913-be1d-43781af3cef2 com.alipay.usercenter.web.aspect.LoggingAspect - Exiting: UserSecurityCacheImpl.update(..) (1ms)
2026-05-18 15:12:34 INFO  traceId=5ca0e1d4-c505-4913-be1d-43781af3cef2 USER-BIZ-SERVICE - service result[[com.alipay.usercenter.common.service.facade.baseresult.UserBizResult@3b76a78a]] [request =[com.alipay.usercenter.common.service.facade.request.LoginRequest@773a1980]
2026-05-18 15:12:34 INFO  traceId=5ca0e1d4-c505-4913-be1d-43781af3cef2 com.alipay.usercenter.web.aspect.LoggingAspect - Exiting: UserServiceTemplate.execute(..) (320ms)
2026-05-18 15:12:34 INFO  traceId=5ca0e1d4-c505-4913-be1d-43781af3cef2 com.alipay.usercenter.web.aspect.LoggingAspect - Exiting: UserServiceImpl.login(..) (321ms)
2026-05-18 15:12:34 INFO  traceId=5ca0e1d4-c505-4913-be1d-43781af3cef2 com.alipay.usercenter.web.aspect.LoggingAspect - Exiting: UserBasicController.login(..) (324ms)
2026-05-18 15:12:34 INFO  traceId=5ca0e1d4-c505-4913-be1d-43781af3cef2 com.alipay.usercenter.web.controller.TraceIdFilter - Finished request: POST /user/basic/login.json - Status: 200
2026-05-18 15:12:43 INFO  traceId=124b2104-8470-4475-b2d9-e611567bbe4a com.alipay.usercenter.web.controller.TraceIdFilter - Starting request: POST /user/basic/login.json
2026-05-18 15:12:43 INFO  traceId=124b2104-8470-4475-b2d9-e611567bbe4a com.alipay.usercenter.web.aspect.LoggingAspect - Entering: JwtUtil.extractToken(..)
2026-05-18 15:12:43 INFO  traceId=124b2104-8470-4475-b2d9-e611567bbe4a com.alipay.usercenter.web.aspect.LoggingAspect - Exiting: JwtUtil.extractToken(..) (0ms)
2026-05-18 15:12:43 INFO  traceId=124b2104-8470-4475-b2d9-e611567bbe4a com.alipay.usercenter.web.aspect.LoggingAspect - Entering: UserBasicController.login(..)
2026-05-18 15:12:43 INFO  traceId=124b2104-8470-4475-b2d9-e611567bbe4a com.alipay.usercenter.web.aspect.LoggingAspect - Entering: UserServiceImpl.login(..)
2026-05-18 15:12:43 INFO  traceId=124b2104-8470-4475-b2d9-e611567bbe4a com.alipay.usercenter.web.aspect.LoggingAspect - Entering: UserServiceTemplate.execute(..)
2026-05-18 15:12:43 INFO  traceId=124b2104-8470-4475-b2d9-e611567bbe4a USER-BIZ-SERVICE - service request[[com.alipay.usercenter.common.service.facade.request.LoginRequest@ae8ade]
2026-05-18 15:12:43 INFO  traceId=124b2104-8470-4475-b2d9-e611567bbe4a com.alipay.usercenter.web.aspect.LoggingAspect - Entering: UserInfoRepositoryImpl.queryUserInfo(..)
2026-05-18 15:12:43 INFO  traceId=124b2104-8470-4475-b2d9-e611567bbe4a com.alipay.usercenter.web.aspect.LoggingAspect - Exiting: UserInfoRepositoryImpl.queryUserInfo(..) (7ms)
2026-05-18 15:12:43 INFO  traceId=124b2104-8470-4475-b2d9-e611567bbe4a com.alipay.usercenter.web.aspect.LoggingAspect - Entering: UserSecurityCacheImpl.queryUserSecurity(..)
2026-05-18 15:12:43 INFO  traceId=124b2104-8470-4475-b2d9-e611567bbe4a com.alipay.usercenter.web.aspect.LoggingAspect - Exiting: UserSecurityCacheImpl.queryUserSecurity(..) (41ms)
2026-05-18 15:12:43 INFO  traceId=124b2104-8470-4475-b2d9-e611567bbe4a com.alipay.usercenter.web.aspect.LoggingAspect - Entering: UserSecurityCacheImpl.update(..)
2026-05-18 15:12:43 INFO  traceId=124b2104-8470-4475-b2d9-e611567bbe4a com.alipay.usercenter.web.aspect.LoggingAspect - Exiting: UserSecurityCacheImpl.update(..) (1ms)
2026-05-18 15:12:43 INFO  traceId=124b2104-8470-4475-b2d9-e611567bbe4a USER-BIZ-SERVICE - service result[[com.alipay.usercenter.common.service.facade.baseresult.UserBizResult@101221a9]] [request =[com.alipay.usercenter.common.service.facade.request.LoginRequest@ae8ade]
2026-05-18 15:12:43 INFO  traceId=124b2104-8470-4475-b2d9-e611567bbe4a com.alipay.usercenter.web.aspect.LoggingAspect - Exiting: UserServiceTemplate.execute(..) (120ms)
2026-05-18 15:12:43 INFO  traceId=124b2104-8470-4475-b2d9-e611567bbe4a com.alipay.usercenter.web.aspect.LoggingAspect - Exiting: UserServiceImpl.login(..) (120ms)
2026-05-18 15:12:43 INFO  traceId=124b2104-8470-4475-b2d9-e611567bbe4a com.alipay.usercenter.web.aspect.LoggingAspect - Exiting: UserBasicController.login(..) (121ms)
2026-05-18 15:12:43 INFO  traceId=124b2104-8470-4475-b2d9-e611567bbe4a com.alipay.usercenter.web.controller.TraceIdFilter - Finished request: POST /user/basic/login.json - Status: 200
2026-05-18 15:13:07 INFO  traceId=078f8ef9-4d42-4fb3-97b5-9386d0cac539 com.alipay.usercenter.web.controller.TraceIdFilter - Starting request: POST /user/basic/login.json
2026-05-18 15:13:07 INFO  traceId=078f8ef9-4d42-4fb3-97b5-9386d0cac539 com.alipay.usercenter.web.aspect.LoggingAspect - Entering: JwtUtil.extractToken(..)
2026-05-18 15:13:07 INFO  traceId=078f8ef9-4d42-4fb3-97b5-9386d0cac539 com.alipay.usercenter.web.aspect.LoggingAspect - Exiting: JwtUtil.extractToken(..) (0ms)
2026-05-18 15:13:07 INFO  traceId=078f8ef9-4d42-4fb3-97b5-9386d0cac539 com.alipay.usercenter.web.aspect.LoggingAspect - Entering: UserBasicController.login(..)
2026-05-18 15:13:07 INFO  traceId=078f8ef9-4d42-4fb3-97b5-9386d0cac539 com.alipay.usercenter.web.aspect.LoggingAspect - Entering: UserServiceImpl.login(..)
2026-05-18 15:13:07 INFO  traceId=078f8ef9-4d42-4fb3-97b5-9386d0cac539 com.alipay.usercenter.web.aspect.LoggingAspect - Entering: UserServiceTemplate.execute(..)
2026-05-18 15:13:07 INFO  traceId=078f8ef9-4d42-4fb3-97b5-9386d0cac539 USER-BIZ-SERVICE - service request[[com.alipay.usercenter.common.service.facade.request.LoginRequest@688b0a91]
2026-05-18 15:13:07 INFO  traceId=078f8ef9-4d42-4fb3-97b5-9386d0cac539 com.alipay.usercenter.web.aspect.LoggingAspect - Entering: UserInfoRepositoryImpl.queryUserInfo(..)
2026-05-18 15:13:07 INFO  traceId=078f8ef9-4d42-4fb3-97b5-9386d0cac539 com.alipay.usercenter.web.aspect.LoggingAspect - Exiting: UserInfoRepositoryImpl.queryUserInfo(..) (9ms)
2026-05-18 15:13:07 INFO  traceId=078f8ef9-4d42-4fb3-97b5-9386d0cac539 com.alipay.usercenter.web.aspect.LoggingAspect - Entering: UserSecurityCacheImpl.queryUserSecurity(..)
2026-05-18 15:13:07 INFO  traceId=078f8ef9-4d42-4fb3-97b5-9386d0cac539 com.alipay.usercenter.web.aspect.LoggingAspect - Exiting: UserSecurityCacheImpl.queryUserSecurity(..) (3ms)
2026-05-18 15:13:07 INFO  traceId=078f8ef9-4d42-4fb3-97b5-9386d0cac539 com.alipay.usercenter.web.aspect.LoggingAspect - Entering: UserSecurityCacheImpl.update(..)
2026-05-18 15:13:07 INFO  traceId=078f8ef9-4d42-4fb3-97b5-9386d0cac539 com.alipay.usercenter.web.aspect.LoggingAspect - Exiting: UserSecurityCacheImpl.update(..) (1ms)
2026-05-18 15:13:07 INFO  traceId=078f8ef9-4d42-4fb3-97b5-9386d0cac539 USER-BIZ-SERVICE - service result[[com.alipay.usercenter.common.service.facade.baseresult.UserBizResult@50331619]] [request =[com.alipay.usercenter.common.service.facade.request.LoginRequest@688b0a91]
2026-05-18 15:13:07 INFO  traceId=078f8ef9-4d42-4fb3-97b5-9386d0cac539 com.alipay.usercenter.web.aspect.LoggingAspect - Exiting: UserServiceTemplate.execute(..) (97ms)
2026-05-18 15:13:07 INFO  traceId=078f8ef9-4d42-4fb3-97b5-9386d0cac539 com.alipay.usercenter.web.aspect.LoggingAspect - Exiting: UserServiceImpl.login(..) (97ms)
2026-05-18 15:13:07 INFO  traceId=078f8ef9-4d42-4fb3-97b5-9386d0cac539 com.alipay.usercenter.web.aspect.LoggingAspect - Exiting: UserBasicController.login(..) (97ms)
2026-05-18 15:13:07 INFO  traceId=078f8ef9-4d42-4fb3-97b5-9386d0cac539 com.alipay.usercenter.web.controller.TraceIdFilter - Finished request: POST /user/basic/login.json - Status: 200
2026-05-18 15:13:11 INFO  traceId=314035fd-0f2d-45c1-8dd6-560de4c24887 com.alipay.usercenter.web.controller.TraceIdFilter - Starting request: POST /user/basic/login.json
2026-05-18 15:13:11 INFO  traceId=314035fd-0f2d-45c1-8dd6-560de4c24887 com.alipay.usercenter.web.aspect.LoggingAspect - Entering: JwtUtil.extractToken(..)
2026-05-18 15:13:11 INFO  traceId=314035fd-0f2d-45c1-8dd6-560de4c24887 com.alipay.usercenter.web.aspect.LoggingAspect - Exiting: JwtUtil.extractToken(..) (0ms)
2026-05-18 15:13:11 INFO  traceId=314035fd-0f2d-45c1-8dd6-560de4c24887 com.alipay.usercenter.web.aspect.LoggingAspect - Entering: UserBasicController.login(..)
2026-05-18 15:13:11 INFO  traceId=314035fd-0f2d-45c1-8dd6-560de4c24887 com.alipay.usercenter.web.aspect.LoggingAspect - Entering: UserServiceImpl.login(..)
2026-05-18 15:13:11 INFO  traceId=314035fd-0f2d-45c1-8dd6-560de4c24887 com.alipay.usercenter.web.aspect.LoggingAspect - Entering: UserServiceTemplate.execute(..)
2026-05-18 15:13:11 INFO  traceId=314035fd-0f2d-45c1-8dd6-560de4c24887 USER-BIZ-SERVICE - service request[[com.alipay.usercenter.common.service.facade.request.LoginRequest@6a1a92a2]
2026-05-18 15:13:11 INFO  traceId=314035fd-0f2d-45c1-8dd6-560de4c24887 com.alipay.usercenter.web.aspect.LoggingAspect - Entering: UserInfoRepositoryImpl.queryUserInfo(..)
2026-05-18 15:13:11 INFO  traceId=314035fd-0f2d-45c1-8dd6-560de4c24887 com.alipay.usercenter.web.aspect.LoggingAspect - Exiting: UserInfoRepositoryImpl.queryUserInfo(..) (5ms)
2026-05-18 15:13:11 INFO  traceId=314035fd-0f2d-45c1-8dd6-560de4c24887 com.alipay.usercenter.web.aspect.LoggingAspect - Entering: UserSecurityCacheImpl.queryUserSecurity(..)
2026-05-18 15:13:11 INFO  traceId=314035fd-0f2d-45c1-8dd6-560de4c24887 com.alipay.usercenter.web.aspect.LoggingAspect - Exiting: UserSecurityCacheImpl.queryUserSecurity(..) (4ms)
2026-05-18 15:13:11 INFO  traceId=314035fd-0f2d-45c1-8dd6-560de4c24887 com.alipay.usercenter.web.aspect.LoggingAspect - Entering: UserSecurityCacheImpl.update(..)
2026-05-18 15:13:11 INFO  traceId=314035fd-0f2d-45c1-8dd6-560de4c24887 com.alipay.usercenter.web.aspect.LoggingAspect - Exiting: UserSecurityCacheImpl.update(..) (0ms)
2026-05-18 15:13:11 INFO  traceId=314035fd-0f2d-45c1-8dd6-560de4c24887 USER-BIZ-SERVICE - service result[[com.alipay.usercenter.common.service.facade.baseresult.UserBizResult@5c7ccf90]] [request =[com.alipay.usercenter.common.service.facade.request.LoginRequest@6a1a92a2]
2026-05-18 15:13:11 INFO  traceId=314035fd-0f2d-45c1-8dd6-560de4c24887 com.alipay.usercenter.web.aspect.LoggingAspect - Exiting: UserServiceTemplate.execute(..) (104ms)
2026-05-18 15:13:11 INFO  traceId=314035fd-0f2d-45c1-8dd6-560de4c24887 com.alipay.usercenter.web.aspect.LoggingAspect - Exiting: UserServiceImpl.login(..) (104ms)
2026-05-18 15:13:11 INFO  traceId=314035fd-0f2d-45c1-8dd6-560de4c24887 com.alipay.usercenter.web.aspect.LoggingAspect - Exiting: UserBasicController.login(..) (104ms)
2026-05-18 15:13:11 INFO  traceId=314035fd-0f2d-45c1-8dd6-560de4c24887 com.alipay.usercenter.web.controller.TraceIdFilter - Finished request: POST /user/basic/login.json - Status: 200
2026-05-18 15:14:06 INFO  traceId=dfc2f09d-0c94-404e-9251-478fb46d42e7 com.alipay.usercenter.web.controller.TraceIdFilter - Starting request: POST /user/basic/login.json
2026-05-18 15:14:06 INFO  traceId=dfc2f09d-0c94-404e-9251-478fb46d42e7 com.alipay.usercenter.web.aspect.LoggingAspect - Entering: JwtUtil.extractToken(..)
2026-05-18 15:14:06 INFO  traceId=dfc2f09d-0c94-404e-9251-478fb46d42e7 com.alipay.usercenter.web.aspect.LoggingAspect - Exiting: JwtUtil.extractToken(..) (1ms)
2026-05-18 15:14:06 INFO  traceId=dfc2f09d-0c94-404e-9251-478fb46d42e7 com.alipay.usercenter.web.aspect.LoggingAspect - Entering: UserBasicController.login(..)
2026-05-18 15:14:06 INFO  traceId=dfc2f09d-0c94-404e-9251-478fb46d42e7 com.alipay.usercenter.web.aspect.LoggingAspect - Entering: UserServiceImpl.login(..)
2026-05-18 15:14:06 INFO  traceId=dfc2f09d-0c94-404e-9251-478fb46d42e7 com.alipay.usercenter.web.aspect.LoggingAspect - Entering: UserServiceTemplate.execute(..)
2026-05-18 15:14:06 INFO  traceId=dfc2f09d-0c94-404e-9251-478fb46d42e7 USER-BIZ-SERVICE - service request[[com.alipay.usercenter.common.service.facade.request.LoginRequest@5e59480a]
2026-05-18 15:14:06 INFO  traceId=dfc2f09d-0c94-404e-9251-478fb46d42e7 com.alipay.usercenter.web.aspect.LoggingAspect - Entering: UserInfoRepositoryImpl.queryUserInfo(..)
2026-05-18 15:14:06 INFO  traceId=dfc2f09d-0c94-404e-9251-478fb46d42e7 com.alipay.usercenter.web.aspect.LoggingAspect - Exiting: UserInfoRepositoryImpl.queryUserInfo(..) (8ms)
2026-05-18 15:14:06 INFO  traceId=dfc2f09d-0c94-404e-9251-478fb46d42e7 com.alipay.usercenter.web.aspect.LoggingAspect - Entering: UserSecurityCacheImpl.queryUserSecurity(..)
2026-05-18 15:14:06 INFO  traceId=dfc2f09d-0c94-404e-9251-478fb46d42e7 com.alipay.usercenter.web.aspect.LoggingAspect - Exiting: UserSecurityCacheImpl.queryUserSecurity(..) (7ms)
2026-05-18 15:14:07 INFO  traceId=dfc2f09d-0c94-404e-9251-478fb46d42e7 com.alipay.usercenter.web.aspect.LoggingAspect - Entering: UserSecurityCacheImpl.delete(..)
2026-05-18 15:14:07 INFO  traceId=dfc2f09d-0c94-404e-9251-478fb46d42e7 com.alipay.usercenter.web.aspect.LoggingAspect - Exiting: UserSecurityCacheImpl.delete(..) (4ms)
2026-05-18 15:14:07 INFO  traceId=dfc2f09d-0c94-404e-9251-478fb46d42e7 com.alipay.usercenter.web.aspect.LoggingAspect - Entering: JwtUtil.generateTokenForUserInfo(..)
2026-05-18 15:14:07 INFO  traceId=dfc2f09d-0c94-404e-9251-478fb46d42e7 com.alipay.usercenter.web.aspect.LoggingAspect - Exiting: JwtUtil.generateTokenForUserInfo(..) (40ms)
2026-05-18 15:14:07 INFO  traceId=dfc2f09d-0c94-404e-9251-478fb46d42e7 com.alipay.usercenter.web.aspect.LoggingAspect - Entering: AccountServiceClientImpl.queryAccountInfoByUserId(..)
2026-05-18 15:14:07 INFO  traceId=dfc2f09d-0c94-404e-9251-478fb46d42e7 com.alipay.usercenter.web.aspect.LoggingAspect - Exiting: AccountServiceClientImpl.queryAccountInfoByUserId(..) (177ms)
2026-05-18 15:14:07 INFO  traceId=dfc2f09d-0c94-404e-9251-478fb46d42e7 USER-BIZ-SERVICE - service result[[com.alipay.usercenter.common.service.facade.baseresult.UserBizResult@65f2e564]] [request =[com.alipay.usercenter.common.service.facade.request.LoginRequest@5e59480a]
2026-05-18 15:14:07 INFO  traceId=dfc2f09d-0c94-404e-9251-478fb46d42e7 com.alipay.usercenter.web.aspect.LoggingAspect - Exiting: UserServiceTemplate.execute(..) (330ms)
2026-05-18 15:14:07 INFO  traceId=dfc2f09d-0c94-404e-9251-478fb46d42e7 com.alipay.usercenter.web.aspect.LoggingAspect - Exiting: UserServiceImpl.login(..) (331ms)
2026-05-18 15:14:07 INFO  traceId=dfc2f09d-0c94-404e-9251-478fb46d42e7 com.alipay.usercenter.web.aspect.LoggingAspect - Exiting: UserBasicController.login(..) (331ms)
2026-05-18 15:14:07 INFO  traceId=dfc2f09d-0c94-404e-9251-478fb46d42e7 com.alipay.usercenter.web.controller.TraceIdFilter - Finished request: POST /user/basic/login.json - Status: 200
2026-05-18 15:14:07 INFO  traceId=285d696e-10d9-4330-a8ee-075d1090503a com.alipay.usercenter.web.controller.TraceIdFilter - Starting request: POST /user/basic/queryUserInfo.json
2026-05-18 15:14:07 INFO  traceId=285d696e-10d9-4330-a8ee-075d1090503a com.alipay.usercenter.web.aspect.LoggingAspect - Entering: JwtUtil.extractToken(..)
2026-05-18 15:14:07 INFO  traceId=285d696e-10d9-4330-a8ee-075d1090503a com.alipay.usercenter.web.aspect.LoggingAspect - Exiting: JwtUtil.extractToken(..) (0ms)
2026-05-18 15:14:07 INFO  traceId=285d696e-10d9-4330-a8ee-075d1090503a com.alipay.usercenter.web.aspect.LoggingAspect - Entering: JwtUtil.validate(..)
2026-05-18 15:14:07 INFO  traceId=285d696e-10d9-4330-a8ee-075d1090503a com.alipay.usercenter.web.aspect.LoggingAspect - Exiting: JwtUtil.validate(..) (10ms)
2026-05-18 15:14:07 INFO  traceId=285d696e-10d9-4330-a8ee-075d1090503a com.alipay.usercenter.web.aspect.LoggingAspect - Entering: JwtUtil.parse(..)
2026-05-18 15:14:07 INFO  traceId=285d696e-10d9-4330-a8ee-075d1090503a com.alipay.usercenter.web.aspect.LoggingAspect - Exiting: JwtUtil.parse(..) (0ms)
2026-05-18 15:14:07 INFO  traceId=285d696e-10d9-4330-a8ee-075d1090503a com.alipay.usercenter.web.aspect.LoggingAspect - Entering: UserBasicController.queryUserInfo(..)
2026-05-18 15:14:07 INFO  traceId=285d696e-10d9-4330-a8ee-075d1090503a com.alipay.usercenter.web.aspect.LoggingAspect - Entering: UserServiceImpl.queryUserInfo(..)
2026-05-18 15:14:07 INFO  traceId=285d696e-10d9-4330-a8ee-075d1090503a com.alipay.usercenter.web.aspect.LoggingAspect - Entering: UserServiceTemplate.execute(..)
2026-05-18 15:14:07 INFO  traceId=285d696e-10d9-4330-a8ee-075d1090503a USER-BIZ-SERVICE - service request[[com.alipay.usercenter.common.service.facade.request.QueryUserInfoRequest@726b2ef6]
2026-05-18 15:14:07 INFO  traceId=285d696e-10d9-4330-a8ee-075d1090503a com.alipay.usercenter.web.aspect.LoggingAspect - Entering: UserInfoRepositoryImpl.queryUserInfo(..)
2026-05-18 15:14:07 INFO  traceId=285d696e-10d9-4330-a8ee-075d1090503a com.alipay.usercenter.web.aspect.LoggingAspect - Exiting: UserInfoRepositoryImpl.queryUserInfo(..) (1ms)
2026-05-18 15:14:07 INFO  traceId=285d696e-10d9-4330-a8ee-075d1090503a USER-BIZ-SERVICE - service result[[com.alipay.usercenter.common.service.facade.baseresult.UserBizResult@770b3bbb]] [request =[com.alipay.usercenter.common.service.facade.request.QueryUserInfoRequest@726b2ef6]
2026-05-18 15:14:07 INFO  traceId=285d696e-10d9-4330-a8ee-075d1090503a com.alipay.usercenter.web.aspect.LoggingAspect - Exiting: UserServiceTemplate.execute(..) (3ms)
2026-05-18 15:14:07 INFO  traceId=285d696e-10d9-4330-a8ee-075d1090503a com.alipay.usercenter.web.aspect.LoggingAspect - Exiting: UserServiceImpl.queryUserInfo(..) (3ms)
2026-05-18 15:14:07 INFO  traceId=285d696e-10d9-4330-a8ee-075d1090503a com.alipay.usercenter.web.aspect.LoggingAspect - Exiting: UserBasicController.queryUserInfo(..) (4ms)
2026-05-18 15:14:07 INFO  traceId=285d696e-10d9-4330-a8ee-075d1090503a com.alipay.usercenter.web.controller.TraceIdFilter - Finished request: POST /user/basic/queryUserInfo.json - Status: 200
2026-05-18 15:15:32 INFO  traceId=01677362-7101-4b00-8512-4a327f63ace6 com.alipay.usercenter.web.controller.TraceIdFilter - Starting request: POST /user/basic/queryUserInfo.json
2026-05-18 15:15:32 INFO  traceId=01677362-7101-4b00-8512-4a327f63ace6 com.alipay.usercenter.web.aspect.LoggingAspect - Entering: JwtUtil.extractToken(..)
2026-05-18 15:15:32 INFO  traceId=01677362-7101-4b00-8512-4a327f63ace6 com.alipay.usercenter.web.aspect.LoggingAspect - Exiting: JwtUtil.extractToken(..) (0ms)
2026-05-18 15:15:32 INFO  traceId=01677362-7101-4b00-8512-4a327f63ace6 com.alipay.usercenter.web.aspect.LoggingAspect - Entering: JwtUtil.validate(..)
2026-05-18 15:15:32 INFO  traceId=01677362-7101-4b00-8512-4a327f63ace6 com.alipay.usercenter.web.aspect.LoggingAspect - Exiting: JwtUtil.validate(..) (12ms)
2026-05-18 15:15:32 INFO  traceId=01677362-7101-4b00-8512-4a327f63ace6 com.alipay.usercenter.web.aspect.LoggingAspect - Entering: JwtUtil.parse(..)
2026-05-18 15:15:32 INFO  traceId=01677362-7101-4b00-8512-4a327f63ace6 com.alipay.usercenter.web.aspect.LoggingAspect - Exiting: JwtUtil.parse(..) (1ms)
2026-05-18 15:15:32 INFO  traceId=01677362-7101-4b00-8512-4a327f63ace6 com.alipay.usercenter.web.aspect.LoggingAspect - Entering: UserBasicController.queryUserInfo(..)
2026-05-18 15:15:32 INFO  traceId=01677362-7101-4b00-8512-4a327f63ace6 com.alipay.usercenter.web.aspect.LoggingAspect - Entering: UserServiceImpl.queryUserInfo(..)
2026-05-18 15:15:32 INFO  traceId=01677362-7101-4b00-8512-4a327f63ace6 com.alipay.usercenter.web.aspect.LoggingAspect - Entering: UserServiceTemplate.execute(..)
2026-05-18 15:15:32 INFO  traceId=01677362-7101-4b00-8512-4a327f63ace6 USER-BIZ-SERVICE - service request[[com.alipay.usercenter.common.service.facade.request.QueryUserInfoRequest@4adfaf16]
2026-05-18 15:15:32 INFO  traceId=01677362-7101-4b00-8512-4a327f63ace6 com.alipay.usercenter.web.aspect.LoggingAspect - Entering: UserInfoRepositoryImpl.queryUserInfo(..)
2026-05-18 15:15:32 INFO  traceId=01677362-7101-4b00-8512-4a327f63ace6 com.alipay.usercenter.web.aspect.LoggingAspect - Exiting: UserInfoRepositoryImpl.queryUserInfo(..) (8ms)
2026-05-18 15:15:32 INFO  traceId=01677362-7101-4b00-8512-4a327f63ace6 USER-BIZ-SERVICE - service result[[com.alipay.usercenter.common.service.facade.baseresult.UserBizResult@be2a52d]] [request =[com.alipay.usercenter.common.service.facade.request.QueryUserInfoRequest@4adfaf16]
2026-05-18 15:15:32 INFO  traceId=01677362-7101-4b00-8512-4a327f63ace6 com.alipay.usercenter.web.aspect.LoggingAspect - Exiting: UserServiceTemplate.execute(..) (9ms)
2026-05-18 15:15:32 INFO  traceId=01677362-7101-4b00-8512-4a327f63ace6 com.alipay.usercenter.web.aspect.LoggingAspect - Exiting: UserServiceImpl.queryUserInfo(..) (9ms)
2026-05-18 15:15:32 INFO  traceId=01677362-7101-4b00-8512-4a327f63ace6 com.alipay.usercenter.web.aspect.LoggingAspect - Exiting: UserBasicController.queryUserInfo(..) (11ms)
2026-05-18 15:15:32 INFO  traceId=01677362-7101-4b00-8512-4a327f63ace6 com.alipay.usercenter.web.controller.TraceIdFilter - Finished request: POST /user/basic/queryUserInfo.json - Status: 200
2026-05-18 16:45:52 WARN  traceId= com.zaxxer.hikari.pool.HikariPool - HikariPool-1 - Thread starvation or clock leap detected (housekeeper delta=3m45s691ms).
2026-05-18 16:48:45 WARN  traceId= com.zaxxer.hikari.pool.HikariPool - HikariPool-1 - Thread starvation or clock leap detected (housekeeper delta=2m53s715ms).
2026-05-18 18:45:10 WARN  traceId= com.zaxxer.hikari.pool.HikariPool - HikariPool-1 - Thread starvation or clock leap detected (housekeeper delta=12m23s966ms).
2026-05-18 19:49:10 WARN  traceId= com.zaxxer.hikari.pool.HikariPool - HikariPool-1 - Thread starvation or clock leap detected (housekeeper delta=1h3m29s832ms).
2026-05-18 19:52:03 WARN  traceId= com.zaxxer.hikari.pool.HikariPool - HikariPool-1 - Thread starvation or clock leap detected (housekeeper delta=2m22s718ms).
2026-05-18 20:08:53 WARN  traceId= com.zaxxer.hikari.pool.HikariPool - HikariPool-1 - Thread starvation or clock leap detected (housekeeper delta=16m19s827ms).
2026-05-18 20:11:19 WARN  traceId= com.zaxxer.hikari.pool.HikariPool - HikariPool-1 - Thread starvation or clock leap detected (housekeeper delta=1m15s290ms).
2026-05-18 20:14:42 WARN  traceId= com.zaxxer.hikari.pool.HikariPool - HikariPool-1 - Thread starvation or clock leap detected (housekeeper delta=2m52s708ms).
2026-05-18 22:54:40 WARN  traceId= com.zaxxer.hikari.pool.HikariPool - HikariPool-1 - Thread starvation or clock leap detected (housekeeper delta=7m26s870ms).
2026-05-18 23:01:49 WARN  traceId= com.zaxxer.hikari.pool.HikariPool - HikariPool-1 - Thread starvation or clock leap detected (housekeeper delta=7m8s315ms).
2026-05-18 23:07:55 WARN  traceId= com.zaxxer.hikari.pool.HikariPool - HikariPool-1 - Thread starvation or clock leap detected (housekeeper delta=5m36s80ms).
2026-05-18 23:10:57 WARN  traceId= com.zaxxer.hikari.pool.HikariPool - HikariPool-1 - Thread starvation or clock leap detected (housekeeper delta=2m32s639ms).
2026-05-18 23:41:51 WARN  traceId= com.zaxxer.hikari.pool.HikariPool - HikariPool-1 - Thread starvation or clock leap detected (housekeeper delta=30m54s35ms).
